<?xml version="1.0" encoding="UTF-8"?>
<testng-results total="1" passed="1" failed="0" skipped="0">
  <reporter-output>
  </reporter-output>
  <suite started-at="2019-11-08T05:54:26Z" name="Default suite" finished-at="2019-11-08T05:54:42Z" duration-ms="15223">
    <groups>
    </groups>
    <test started-at="2019-11-08T05:54:26Z" name="Default test" finished-at="2019-11-08T05:54:42Z" duration-ms="15223">
      <class name="TestNG.TestNGSample">
        <test-method signature="verifyHomepageTitle()[pri:0, instance:TestNG.TestNGSample@10e92f8f]" started-at="2019-11-08T11:24:26Z" name="verifyHomepageTitle" finished-at="2019-11-08T11:24:41Z" duration-ms="15187" status="PASS">
          <reporter-output>
          </reporter-output>
        </test-method> <!-- verifyHomepageTitle -->
      </class> <!-- TestNG.TestNGSample -->
    </test> <!-- Default test -->
  </suite> <!-- Default suite -->
</testng-results>
